<?xml version="1.0" encoding="UTF-8"?>
<!-- Generated by org.testng.reporters.JUnitReportReporter -->
<testsuite skipped="0" hostname="CBT-MH-006" name="APIAutomation.List" tests="1" failures="0" timestamp="23 Oct 2019 10:55:43 GMT" time="6.693" errors="0">
  <testcase name="searchTweet" time="6.693" classname="APIAutomation.List"/>
</testsuite> <!-- APIAutomation.List -->
