<?xml version="1.0" encoding="UTF-8"?>
<!-- Generated by org.testng.reporters.JUnitReportReporter -->
<testsuite skipped="0" hostname="CBT-MH-006" name="APIAutomation.Weather" tests="1" failures="0" timestamp="29 Oct 2019 10:58:12 GMT" time="6.903" errors="0">
  <testcase name="weatherTweet" time="6.903" classname="APIAutomation.Weather"/>
</testsuite> <!-- APIAutomation.Weather -->
