<?xml version="1.0" encoding="UTF-8"?>
<!-- Generated by org.testng.reporters.JUnitReportReporter -->
<testsuite skipped="0" hostname="CBT-MH-006" name="APIAutomation.Weather" tests="1" failures="0" timestamp="23 Oct 2019 11:36:59 GMT" time="29.250" errors="0">
  <testcase name="weatherTweet" time="29.250" classname="APIAutomation.Weather"/>
</testsuite> <!-- APIAutomation.Weather -->
