<?xml version="1.0" encoding="UTF-8"?>
<!-- Generated by org.testng.reporters.JUnitReportReporter -->
<testsuite skipped="0" hostname="CBT-MH-006" name="APIAutomation.Create" tests="1" failures="0" timestamp="29 Oct 2019 10:49:01 GMT" time="6.481" errors="0">
  <testcase name="getTweet" time="6.481" classname="APIAutomation.Create"/>
</testsuite> <!-- APIAutomation.Create -->
