<?xml version="1.0" encoding="UTF-8"?>
<!-- Generated by org.testng.reporters.JUnitReportReporter -->
<testsuite skipped="0" hostname="CBT-MH-006" name="APIAutomation.Username" tests="1" failures="0" timestamp="23 Oct 2019 10:47:18 GMT" time="5.403" errors="0">
  <testcase name="searchTweet" time="5.403" classname="APIAutomation.Username"/>
</testsuite> <!-- APIAutomation.Username -->
