<?xml version="1.0" encoding="UTF-8"?>
<!-- Generated by org.testng.reporters.JUnitReportReporter -->
<testsuite skipped="0" hostname="CBT-MH-006" name="APIAutomation.Retweet" tests="1" failures="0" timestamp="23 Oct 2019 09:13:32 GMT" time="5.592" errors="0">
  <testcase name="tweet" time="5.592" classname="APIAutomation.Retweet"/>
</testsuite> <!-- APIAutomation.Retweet -->
