<?xml version="1.0" encoding="UTF-8"?>
<!-- Generated by org.testng.reporters.JUnitReportReporter -->
<testsuite skipped="0" hostname="CBT-MH-006" name="APIAutomation.Blockuser" tests="1" failures="0" timestamp="23 Oct 2019 10:30:30 GMT" time="26.913" errors="0">
  <testcase name="searchTweet" time="26.913" classname="APIAutomation.Blockuser"/>
</testsuite> <!-- APIAutomation.Blockuser -->
