<?xml version="1.0" encoding="UTF-8"?>
<!-- Generated by org.testng.reporters.JUnitReportReporter -->
<testsuite skipped="0" hostname="CBT-MH-006" name="APIAutomation.Search" tests="2" failures="0" timestamp="29 Oct 2019 11:01:32 GMT" time="6.453" errors="0">
  <testcase name="tweet" time="1.873" classname="APIAutomation.Search"/>
  <testcase name="searchTweet" time="4.580" classname="APIAutomation.Search"/>
</testsuite> <!-- APIAutomation.Search -->
