<?xml version="1.0" encoding="UTF-8"?>
<!-- Generated by org.testng.reporters.JUnitReportReporter -->
<testsuite skipped="0" hostname="CBT-MH-006" name="APIAutomation.Tags" tests="1" failures="0" timestamp="29 Oct 2019 11:00:11 GMT" time="12.219" errors="0">
  <testcase name="DisplayHashtag" time="12.219" classname="APIAutomation.Tags"/>
</testsuite> <!-- APIAutomation.Tags -->
