<?xml version="1.0" encoding="UTF-8"?>
<!-- Generated by org.testng.reporters.JUnitReportReporter -->
<testsuite skipped="0" hostname="CBT-MH-006" name="APIAutomation.Post" tests="1" failures="0" timestamp="29 Oct 2019 11:02:35 GMT" time="5.759" errors="0">
  <testcase name="creatTweet" time="5.759" classname="APIAutomation.Post"/>
</testsuite> <!-- APIAutomation.Post -->
