<?xml version="1.0" encoding="UTF-8"?>
<!-- Generated by org.testng.reporters.JUnitReportReporter -->
<testsuite skipped="0" hostname="CBT-MH-006" name="APIAutomation.Search" tests="1" failures="0" timestamp="15 Oct 2019 12:19:50 GMT" time="4.742" errors="0">
  <testcase name="searchTweet" time="4.742" classname="APIAutomation.Search"/>
</testsuite> <!-- APIAutomation.Search -->
