<?xml version="1.0" encoding="UTF-8"?>
<!-- Generated by org.testng.reporters.JUnitReportReporter -->
<testsuite skipped="0" hostname="CBT-MH-006" name="APIAutomation.Create" tests="1" failures="0" timestamp="23 Oct 2019 06:42:24 GMT" time="4.767" errors="0">
  <testcase name="getTweet" time="4.767" classname="APIAutomation.Create"/>
</testsuite> <!-- APIAutomation.Create -->
