<?xml version="1.0" encoding="UTF-8"?>
<!-- Generated by org.testng.reporters.JUnitReportReporter -->
<testsuite skipped="0" hostname="CBT-MH-006" name="APIAutomation.Retweet" tests="1" failures="0" timestamp="16 Oct 2019 03:42:23 GMT" time="18.149" errors="0">
  <testcase name="tweet" time="18.149" classname="APIAutomation.Retweet"/>
</testsuite> <!-- APIAutomation.Retweet -->
