<?xml version="1.0" encoding="UTF-8"?>
<!-- Generated by org.testng.reporters.JUnitReportReporter -->
<testsuite skipped="0" hostname="CBT-MH-006" name="APIAutomation.Create" tests="1" failures="0" timestamp="15 Oct 2019 12:15:28 GMT" time="5.439" errors="0">
  <testcase name="getTweet" time="5.439" classname="APIAutomation.Create"/>
</testsuite> <!-- APIAutomation.Create -->
