<?xml version="1.0" encoding="UTF-8"?>
<!-- Generated by org.testng.reporters.JUnitReportReporter -->
<testsuite skipped="0" hostname="CBT-MH-006" name="APIAutomation.Search" tests="2" failures="0" timestamp="23 Oct 2019 09:17:15 GMT" time="5.818" errors="0">
  <testcase name="searchTweet" time="4.117" classname="APIAutomation.Search"/>
  <testcase name="tweet" time="1.701" classname="APIAutomation.Search"/>
</testsuite> <!-- APIAutomation.Search -->
