<?xml version="1.0" encoding="UTF-8"?>
<!-- Generated by org.testng.reporters.JUnitReportReporter -->
<testsuite skipped="0" hostname="CBT-MH-006" name="APIAutomation.Username" tests="1" failures="0" timestamp="29 Oct 2019 10:59:06 GMT" time="5.923" errors="0">
  <testcase name="searchTweet" time="5.923" classname="APIAutomation.Username"/>
</testsuite> <!-- APIAutomation.Username -->
